{"time":"2025-11-25 16:26:17,860","level":"INFO","logger":"django.utils.autoreload","message":"Watching for file changes with StatReloader"}
{"time":"2025-11-25 16:41:43,227","level":"INFO","logger":"django.utils.autoreload","message":"D:\Py_ff\Project\FTC\Config\settings.py changed, reloading."}
{"time":"2025-11-25 16:41:44,887","level":"INFO","logger":"django.utils.autoreload","message":"Watching for file changes with StatReloader"}
{"time":"2025-11-25 16:41:52,082","level":"INFO","logger":"django.utils.autoreload","message":"D:\Py_ff\Project\FTC\apps\common\infra\logger.py changed, reloading."}
{"time":"2025-11-25 16:41:53,917","level":"INFO","logger":"django.utils.autoreload","message":"Watching for file changes with StatReloader"}
{"time":"2025-11-25 16:42:01,063","level":"INFO","logger":"django.utils.autoreload","message":"D:\Py_ff\Project\FTC\Config\settings.py changed, reloading."}
{"time":"2025-11-25 16:42:02,802","level":"INFO","logger":"django.utils.autoreload","message":"Watching for file changes with StatReloader","request_id":"","user_id":"","ip":"","path":"","method":""}
{"time":"2025-11-25 16:42:19,268","level":"INFO","logger":"django.utils.autoreload","message":"D:\Py_ff\Project\FTC\apps\common\infra\logger.py changed, reloading.","request_id":"","user_id":"","ip":"","path":"","method":""}
{"time":"2025-11-25 16:42:20,832","level":"INFO","logger":"django.utils.autoreload","message":"Watching for file changes with StatReloader","request_id":"","user_id":"","ip":"","path":"","method":""}
{"time":"2025-11-25 16:42:29,055","level":"INFO","logger":"django.utils.autoreload","message":"D:\Py_ff\Project\FTC\apps\accounts\services.py changed, reloading.","request_id":"","user_id":"","ip":"","path":"","method":""}
{"time":"2025-11-25 16:42:30,536","level":"INFO","logger":"django.utils.autoreload","message":"Watching for file changes with StatReloader","request_id":"","user_id":"","ip":"","path":"","method":""}
{"time":"2025-11-25 16:42:40,193","level":"INFO","logger":"django.utils.autoreload","message":"D:\Py_ff\Project\FTC\apps\common\infra\logger.py changed, reloading.","request_id":"","user_id":"","ip":"","path":"","method":""}
{"time":"2025-11-25 16:42:41,888","level":"INFO","logger":"django.utils.autoreload","message":"Watching for file changes with StatReloader","request_id":"","user_id":"","ip":"","path":"","method":""}
{"time":"2025-11-25 16:42:48,083","level":"INFO","logger":"django.utils.autoreload","message":"D:\Py_ff\Project\FTC\apps\accounts\services.py changed, reloading.","request_id":"","user_id":"","ip":"","path":"","method":""}
{"time":"2025-11-25 16:42:49,725","level":"INFO","logger":"django.utils.autoreload","message":"Watching for file changes with StatReloader","request_id":"","user_id":"","ip":"","path":"","method":""}
{"time":"2025-11-25 16:44:53,122","level":"INFO","logger":"django.utils.autoreload","message":"D:\Py_ff\Project\FTC\apps\accounts\services.py changed, reloading.","request_id":"","user_id":"","ip":"","path":"","method":""}
{"time":"2025-11-25 16:44:54,731","level":"INFO","logger":"django.utils.autoreload","message":"Watching for file changes with StatReloader","request_id":"","user_id":"","ip":"","path":"","method":""}
{"time":"2025-11-25 16:45:15,763","level":"INFO","logger":"django.utils.autoreload","message":"D:\Py_ff\Project\FTC\apps\machines\services.py changed, reloading.","request_id":"","user_id":"","ip":"","path":"","method":""}
{"time":"2025-11-25 16:45:17,163","level":"INFO","logger":"django.utils.autoreload","message":"Watching for file changes with StatReloader","request_id":"","user_id":"","ip":"","path":"","method":""}
{"time":"2025-11-25 16:48:41,134","level":"INFO","logger":"django.utils.autoreload","message":"D:\Py_ff\Project\FTC\apps\common\utils\request_context.py changed, reloading.","request_id":"","user_id":"","ip":"","path":"","method":""}
{"time":"2025-11-25 16:48:42,862","level":"INFO","logger":"django.utils.autoreload","message":"Watching for file changes with StatReloader","request_id":"","user_id":"","ip":"","path":"","method":""}
{"time":"2025-11-25 16:48:53,334","level":"INFO","logger":"django.utils.autoreload","message":"D:\Py_ff\Project\FTC\apps\common\middleware.py changed, reloading.","request_id":"","user_id":"","ip":"","path":"","method":""}
{"time":"2025-11-25 16:48:54,771","level":"INFO","logger":"django.utils.autoreload","message":"Watching for file changes with StatReloader","request_id":"","user_id":"","ip":"","path":"","method":""}
{"time":"2025-11-25 16:49:08,767","level":"INFO","logger":"django.utils.autoreload","message":"D:\Py_ff\Project\FTC\apps\common\infra\logger.py changed, reloading.","request_id":"","user_id":"","ip":"","path":"","method":""}
{"time":"2025-11-25 16:49:10,217","level":"INFO","logger":"django.utils.autoreload","message":"Watching for file changes with StatReloader","request_id":"","user_id":"","ip":"","path":"","method":""}
{"time":"2025-11-25 16:49:32,418","level":"INFO","logger":"django.utils.autoreload","message":"D:\Py_ff\Project\FTC\apps\common\infra\logger.py changed, reloading.","request_id":"","user_id":"","ip":"","path":"","method":""}
{"time":"2025-11-25 16:49:33,845","level":"INFO","logger":"django.utils.autoreload","message":"Watching for file changes with StatReloader","request_id":"","user_id":"","ip":"","path":"","method":""}
{"time":"2025-11-25 16:49:51,260","level":"INFO","logger":"django.utils.autoreload","message":"D:\Py_ff\Project\FTC\apps\common\infra\logger.py changed, reloading.","request_id":"","user_id":"","ip":"","path":"","method":""}
{"time":"2025-11-25 16:49:52,775","level":"INFO","logger":"django.utils.autoreload","message":"Watching for file changes with StatReloader","request_id":"","user_id":"","ip":"","path":"","method":""}
{"time":"2025-11-25 16:52:09,140","level":"INFO","logger":"django.utils.autoreload","message":"D:\Py_ff\Project\FTC\apps\accounts\services.py changed, reloading.","request_id":"","user_id":"","ip":"","path":"","method":""}
{"time":"2025-11-25 16:52:11,074","level":"INFO","logger":"django.utils.autoreload","message":"Watching for file changes with StatReloader","request_id":"","user_id":"","ip":"","path":"","method":""}
{"time":"2025-11-25 16:52:28,843","level":"INFO","logger":"django.utils.autoreload","message":"D:\Py_ff\Project\FTC\apps\accounts\services.py changed, reloading.","request_id":"","user_id":"","ip":"","path":"","method":""}
{"time":"2025-11-25 16:52:30,270","level":"INFO","logger":"django.utils.autoreload","message":"Watching for file changes with StatReloader","request_id":"","user_id":"","ip":"","path":"","method":""}
{"time":"2025-11-25 16:52:45,685","level":"INFO","logger":"django.utils.autoreload","message":"D:\Py_ff\Project\FTC\apps\common\throttles.py changed, reloading.","request_id":"","user_id":"","ip":"","path":"","method":""}
{"time":"2025-11-25 16:52:47,657","level":"INFO","logger":"django.utils.autoreload","message":"Watching for file changes with StatReloader","request_id":"","user_id":"","ip":"","path":"","method":""}
{"time":"2025-11-25 16:53:12,398","level":"INFO","logger":"django.utils.autoreload","message":"D:\Py_ff\Project\FTC\apps\common\authentication.py changed, reloading.","request_id":"","user_id":"","ip":"","path":"","method":""}
{"time":"2025-11-25 16:53:14,113","level":"INFO","logger":"django.utils.autoreload","message":"Watching for file changes with StatReloader","request_id":"","user_id":"","ip":"","path":"","method":""}
{"time":"2025-11-25 16:54:17,336","level":"INFO","logger":"django.utils.autoreload","message":"D:\Py_ff\Project\FTC\apps\contests\admin.py changed, reloading.","request_id":"","user_id":"","ip":"","path":"","method":""}
{"time":"2025-11-25 16:54:20,408","level":"INFO","logger":"django.utils.autoreload","message":"Watching for file changes with StatReloader","request_id":"","user_id":"","ip":"","path":"","method":""}
{"time":"2025-11-25 16:55:01,167","level":"INFO","logger":"django.utils.autoreload","message":"D:\Py_ff\Project\FTC\apps\challenges\admin.py changed, reloading.","request_id":"","user_id":"","ip":"","path":"","method":""}
{"time":"2025-11-25 16:55:03,179","level":"INFO","logger":"django.utils.autoreload","message":"Watching for file changes with StatReloader","request_id":"","user_id":"","ip":"","path":"","method":""}
{"time":"2025-11-25 16:55:17,145","level":"INFO","logger":"django.utils.autoreload","message":"D:\Py_ff\Project\FTC\apps\challenges\admin.py changed, reloading.","request_id":"","user_id":"","ip":"","path":"","method":""}
{"time":"2025-11-25 16:55:20,185","level":"INFO","logger":"django.utils.autoreload","message":"Watching for file changes with StatReloader","request_id":"","user_id":"","ip":"","path":"","method":""}
{"time":"2025-11-25 16:55:31,158","level":"INFO","logger":"django.utils.autoreload","message":"D:\Py_ff\Project\FTC\apps\accounts\admin.py changed, reloading.","request_id":"","user_id":"","ip":"","path":"","method":""}
{"time":"2025-11-25 16:55:34,401","level":"INFO","logger":"django.utils.autoreload","message":"Watching for file changes with StatReloader","request_id":"","user_id":"","ip":"","path":"","method":""}
{"time":"2025-11-25 16:55:42,876","level":"INFO","logger":"django.utils.autoreload","message":"D:\Py_ff\Project\FTC\apps\accounts\admin.py changed, reloading.","request_id":"","user_id":"","ip":"","path":"","method":""}
{"time":"2025-11-25 16:55:46,021","level":"INFO","logger":"django.utils.autoreload","message":"Watching for file changes with StatReloader","request_id":"","user_id":"","ip":"","path":"","method":""}
{"time":"2025-11-25 16:55:53,514","level":"INFO","logger":"django.utils.autoreload","message":"D:\Py_ff\Project\FTC\apps\accounts\services.py changed, reloading.","request_id":"","user_id":"","ip":"","path":"","method":""}
{"time":"2025-11-25 16:55:56,684","level":"INFO","logger":"django.utils.autoreload","message":"Watching for file changes with StatReloader","request_id":"","user_id":"","ip":"","path":"","method":""}
{"time":"2025-11-25 17:29:50,890","level":"INFO","logger":"django.utils.autoreload","message":"D:\Py_ff\Project\FTC\apps\contests\services.py changed, reloading.","request_id":"","user_id":"","ip":"","path":"","method":""}
{"time":"2025-11-25 17:29:52,838","level":"INFO","logger":"django.utils.autoreload","message":"Watching for file changes with StatReloader","request_id":"","user_id":"","ip":"","path":"","method":""}
{"time":"2025-11-25 17:30:09,239","level":"INFO","logger":"django.utils.autoreload","message":"D:\Py_ff\Project\FTC\apps\submissions\services.py changed, reloading.","request_id":"","user_id":"","ip":"","path":"","method":""}
{"time":"2025-11-25 17:30:10,730","level":"INFO","logger":"django.utils.autoreload","message":"Watching for file changes with StatReloader","request_id":"","user_id":"","ip":"","path":"","method":""}
{"time":"2025-11-25 17:30:16,525","level":"INFO","logger":"django.utils.autoreload","message":"D:\Py_ff\Project\FTC\apps\machines\services.py changed, reloading.","request_id":"","user_id":"","ip":"","path":"","method":""}
{"time":"2025-11-25 17:30:18,183","level":"INFO","logger":"django.utils.autoreload","message":"Watching for file changes with StatReloader","request_id":"","user_id":"","ip":"","path":"","method":""}
{"time":"2025-11-25 17:30:51,243","level":"INFO","logger":"django.utils.autoreload","message":"D:\Py_ff\Project\FTC\apps\machines\services.py changed, reloading.","request_id":"","user_id":"","ip":"","path":"","method":""}
{"time":"2025-11-25 17:30:52,725","level":"INFO","logger":"django.utils.autoreload","message":"Watching for file changes with StatReloader","request_id":"","user_id":"","ip":"","path":"","method":""}
{"time":"2025-11-25 17:30:59,662","level":"INFO","logger":"django.utils.autoreload","message":"D:\Py_ff\Project\FTC\apps\challenges\crud_service.py changed, reloading.","request_id":"","user_id":"","ip":"","path":"","method":""}
{"time":"2025-11-25 17:31:01,125","level":"INFO","logger":"django.utils.autoreload","message":"Watching for file changes with StatReloader","request_id":"","user_id":"","ip":"","path":"","method":""}
{"time":"2025-11-25 17:31:18,661","level":"INFO","logger":"django.utils.autoreload","message":"D:\Py_ff\Project\FTC\apps\contests\services.py changed, reloading.","request_id":"","user_id":"","ip":"","path":"","method":""}
{"time":"2025-11-25 17:31:20,189","level":"INFO","logger":"django.utils.autoreload","message":"Watching for file changes with StatReloader","request_id":"","user_id":"","ip":"","path":"","method":""}
{"time":"2025-11-25 17:34:23,004","level":"INFO","logger":"django.utils.autoreload","message":"D:\Py_ff\Project\FTC\apps\common\infra\redis_client.py changed, reloading.","request_id":"","user_id":"","ip":"","path":"","method":""}
{"time":"2025-11-25 17:34:26,671","level":"INFO","logger":"django.utils.autoreload","message":"Watching for file changes with StatReloader","request_id":"","user_id":"","ip":"","path":"","method":""}
{"time":"2025-11-25 17:34:38,924","level":"INFO","logger":"django.utils.autoreload","message":"D:\Py_ff\Project\FTC\apps\common\infra\redis_client.py changed, reloading.","request_id":"","user_id":"","ip":"","path":"","method":""}
{"time":"2025-11-25 17:34:40,873","level":"INFO","logger":"django.utils.autoreload","message":"Watching for file changes with StatReloader","request_id":"","user_id":"","ip":"","path":"","method":""}
{"time":"2025-11-25 17:35:00,461","level":"INFO","logger":"django.utils.autoreload","message":"D:\Py_ff\Project\FTC\apps\common\infra\docker_manager.py changed, reloading.","request_id":"","user_id":"","ip":"","path":"","method":""}
{"time":"2025-11-25 17:35:02,620","level":"INFO","logger":"django.utils.autoreload","message":"Watching for file changes with StatReloader","request_id":"","user_id":"","ip":"","path":"","method":""}
{"time":"2025-11-25 17:35:28,838","level":"INFO","logger":"django.utils.autoreload","message":"D:\Py_ff\Project\FTC\apps\common\infra\docker_manager.py changed, reloading.","request_id":"","user_id":"","ip":"","path":"","method":""}
{"time":"2025-11-25 17:35:32,124","level":"INFO","logger":"django.utils.autoreload","message":"Watching for file changes with StatReloader","request_id":"","user_id":"","ip":"","path":"","method":""}
{"time":"2025-11-25 17:48:17,807","level":"INFO","logger":"django.utils.autoreload","message":"D:\Py_ff\Project\FTC\apps\common\pagination.py changed, reloading.","request_id":"","user_id":"","ip":"","path":"","method":""}
{"time":"2025-11-25 17:48:20,707","level":"INFO","logger":"django.utils.autoreload","message":"Watching for file changes with StatReloader","request_id":"","user_id":"","ip":"","path":"","method":""}
{"time":"2025-11-25 17:50:23,624","level":"INFO","logger":"django.utils.autoreload","message":"D:\Py_ff\Project\FTC\apps\challenges\repo.py changed, reloading.","request_id":"","user_id":"","ip":"","path":"","method":""}
{"time":"2025-11-25 17:50:27,154","level":"INFO","logger":"django.utils.autoreload","message":"Watching for file changes with StatReloader","request_id":"","user_id":"","ip":"","path":"","method":""}
{"time":"2025-11-25 17:50:31,172","level":"INFO","logger":"django.utils.autoreload","message":"D:\Py_ff\Project\FTC\apps\challenges\views.py changed, reloading.","request_id":"","user_id":"","ip":"","path":"","method":""}
{"time":"2025-11-25 17:50:34,367","level":"INFO","logger":"django.utils.autoreload","message":"Watching for file changes with StatReloader","request_id":"","user_id":"","ip":"","path":"","method":""}
{"time":"2025-11-25 20:17:35,578","level":"INFO","logger":"django.utils.autoreload","message":"D:\Py_ff\Project\FTC\apps\contests\repo.py changed, reloading.","request_id":"","user_id":"","ip":"","path":"","method":""}
{"time":"2025-11-25 20:17:38,448","level":"INFO","logger":"django.utils.autoreload","message":"Watching for file changes with StatReloader","request_id":"","user_id":"","ip":"","path":"","method":""}
{"time":"2025-11-25 20:20:50,200","level":"INFO","logger":"django.utils.autoreload","message":"D:\Py_ff\Project\FTC\apps\contests\repo.py changed, reloading.","request_id":"","user_id":"","ip":"","path":"","method":""}
{"time":"2025-11-25 20:20:51,431","level":"INFO","logger":"django.utils.autoreload","message":"Watching for file changes with StatReloader","request_id":"","user_id":"","ip":"","path":"","method":""}
{"time":"2025-11-25 20:20:54,615","level":"INFO","logger":"django.utils.autoreload","message":"D:\Py_ff\Project\FTC\apps\contests\repo.py changed, reloading.","request_id":"","user_id":"","ip":"","path":"","method":""}
{"time":"2025-11-25 20:20:55,737","level":"INFO","logger":"django.utils.autoreload","message":"Watching for file changes with StatReloader","request_id":"","user_id":"","ip":"","path":"","method":""}
{"time":"2025-11-25 20:20:58,884","level":"INFO","logger":"django.utils.autoreload","message":"D:\Py_ff\Project\FTC\apps\contests\admin.py changed, reloading.","request_id":"","user_id":"","ip":"","path":"","method":""}
{"time":"2025-11-25 20:21:00,010","level":"INFO","logger":"django.utils.autoreload","message":"Watching for file changes with StatReloader","request_id":"","user_id":"","ip":"","path":"","method":""}
{"time":"2025-11-25 20:21:05,481","level":"INFO","logger":"django.utils.autoreload","message":"D:\Py_ff\Project\FTC\apps\contests\admin.py changed, reloading.","request_id":"","user_id":"","ip":"","path":"","method":""}
{"time":"2025-11-25 20:21:06,617","level":"INFO","logger":"django.utils.autoreload","message":"Watching for file changes with StatReloader","request_id":"","user_id":"","ip":"","path":"","method":""}
{"time":"2025-11-25 20:21:20,101","level":"INFO","logger":"django.utils.autoreload","message":"D:\Py_ff\Project\FTC\apps\submissions\repo.py changed, reloading.","request_id":"","user_id":"","ip":"","path":"","method":""}
{"time":"2025-11-25 20:21:21,287","level":"INFO","logger":"django.utils.autoreload","message":"Watching for file changes with StatReloader","request_id":"","user_id":"","ip":"","path":"","method":""}
{"time":"2025-11-25 20:21:24,457","level":"INFO","logger":"django.utils.autoreload","message":"D:\Py_ff\Project\FTC\apps\submissions\services.py changed, reloading.","request_id":"","user_id":"","ip":"","path":"","method":""}
{"time":"2025-11-25 20:21:25,579","level":"INFO","logger":"django.utils.autoreload","message":"Watching for file changes with StatReloader","request_id":"","user_id":"","ip":"","path":"","method":""}
{"time":"2025-11-25 20:21:31,053","level":"INFO","logger":"django.utils.autoreload","message":"D:\Py_ff\Project\FTC\apps\challenges\repo.py changed, reloading.","request_id":"","user_id":"","ip":"","path":"","method":""}
{"time":"2025-11-25 20:21:32,216","level":"INFO","logger":"django.utils.autoreload","message":"Watching for file changes with StatReloader","request_id":"","user_id":"","ip":"","path":"","method":""}
{"time":"2025-11-25 20:21:38,827","level":"INFO","logger":"django.utils.autoreload","message":"D:\Py_ff\Project\FTC\apps\machines\repo.py changed, reloading.","request_id":"","user_id":"","ip":"","path":"","method":""}
{"time":"2025-11-25 20:21:39,991","level":"INFO","logger":"django.utils.autoreload","message":"Watching for file changes with StatReloader","request_id":"","user_id":"","ip":"","path":"","method":""}
{"time":"2025-11-25 20:21:43,164","level":"INFO","logger":"django.utils.autoreload","message":"D:\Py_ff\Project\FTC\apps\common\throttles.py changed, reloading.","request_id":"","user_id":"","ip":"","path":"","method":""}
{"time":"2025-11-25 20:21:44,291","level":"INFO","logger":"django.utils.autoreload","message":"Watching for file changes with StatReloader","request_id":"","user_id":"","ip":"","path":"","method":""}
{"time":"2025-11-25 20:21:49,773","level":"INFO","logger":"django.utils.autoreload","message":"D:\Py_ff\Project\FTC\apps\contests\repo.py changed, reloading.","request_id":"","user_id":"","ip":"","path":"","method":""}
{"time":"2025-11-25 20:21:50,879","level":"INFO","logger":"django.utils.autoreload","message":"Watching for file changes with StatReloader","request_id":"","user_id":"","ip":"","path":"","method":""}
{"time":"2025-11-25 20:21:54,080","level":"INFO","logger":"django.utils.autoreload","message":"D:\Py_ff\Project\FTC\apps\contests\repo.py changed, reloading.","request_id":"","user_id":"","ip":"","path":"","method":""}
{"time":"2025-11-25 20:21:55,258","level":"INFO","logger":"django.utils.autoreload","message":"Watching for file changes with StatReloader","request_id":"","user_id":"","ip":"","path":"","method":""}
{"time":"2025-11-25 20:21:59,641","level":"INFO","logger":"django.utils.autoreload","message":"D:\Py_ff\Project\FTC\apps\common\infra\logger.py changed, reloading.","request_id":"","user_id":"","ip":"","path":"","method":""}
{"time":"2025-11-25 20:22:01,108","level":"INFO","logger":"django.utils.autoreload","message":"Watching for file changes with StatReloader","request_id":"","user_id":"","ip":"","path":"","method":""}
{"time":"2025-11-25 20:22:05,456","level":"INFO","logger":"django.utils.autoreload","message":"D:\Py_ff\Project\FTC\apps\contests\repo.py changed, reloading.","request_id":"","user_id":"","ip":"","path":"","method":""}
{"time":"2025-11-25 20:22:07,614","level":"INFO","logger":"django.utils.autoreload","message":"Watching for file changes with StatReloader","request_id":"","user_id":"","ip":"","path":"","method":""}
{"time":"2025-11-25 20:22:15,197","level":"INFO","logger":"django.utils.autoreload","message":"D:\Py_ff\Project\FTC\apps\contests\repo.py changed, reloading.","request_id":"","user_id":"","ip":"","path":"","method":""}
{"time":"2025-11-25 20:22:16,293","level":"INFO","logger":"django.utils.autoreload","message":"Watching for file changes with StatReloader","request_id":"","user_id":"","ip":"","path":"","method":""}
{"time":"2025-11-25 20:47:07,812","level":"INFO","logger":"django.utils.autoreload","message":"D:\Py_ff\Project\FTC\apps\contests\services.py changed, reloading.","request_id":"","user_id":"","ip":"","path":"","method":""}
{"time":"2025-11-25 20:47:09,816","level":"INFO","logger":"django.utils.autoreload","message":"Watching for file changes with StatReloader","request_id":"","user_id":"","ip":"","path":"","method":""}
{"time":"2025-11-25 20:47:14,453","level":"INFO","logger":"django.utils.autoreload","message":"D:\Py_ff\Project\FTC\apps\contests\views.py changed, reloading.","request_id":"","user_id":"","ip":"","path":"","method":""}
{"time":"2025-11-25 20:47:15,958","level":"INFO","logger":"django.utils.autoreload","message":"Watching for file changes with StatReloader","request_id":"","user_id":"","ip":"","path":"","method":""}
{"time":"2025-11-25 20:52:12,490","level":"INFO","logger":"django.utils.autoreload","message":"D:\Py_ff\Project\FTC\apps\challenges\admin.py changed, reloading.","request_id":"","user_id":"","ip":"","path":"","method":""}
{"time":"2025-11-25 20:52:14,254","level":"INFO","logger":"django.utils.autoreload","message":"Watching for file changes with StatReloader","request_id":"","user_id":"","ip":"","path":"","method":""}
{"time":"2025-11-25 20:52:32,065","level":"INFO","logger":"django.utils.autoreload","message":"D:\Py_ff\Project\FTC\apps\challenges\admin.py changed, reloading.","request_id":"","user_id":"","ip":"","path":"","method":""}
{"time":"2025-11-25 20:52:33,749","level":"INFO","logger":"django.utils.autoreload","message":"Watching for file changes with StatReloader","request_id":"","user_id":"","ip":"","path":"","method":""}
{"time":"2025-11-25 20:52:38,439","level":"INFO","logger":"django.utils.autoreload","message":"D:\Py_ff\Project\FTC\apps\contests\admin.py changed, reloading.","request_id":"","user_id":"","ip":"","path":"","method":""}
{"time":"2025-11-25 20:52:40,059","level":"INFO","logger":"django.utils.autoreload","message":"Watching for file changes with StatReloader","request_id":"","user_id":"","ip":"","path":"","method":""}
{"time":"2025-11-25 20:55:41,674","level":"INFO","logger":"django.utils.autoreload","message":"D:\Py_ff\Project\FTC\apps\submissions\models.py changed, reloading.","request_id":"","user_id":"","ip":"","path":"","method":""}
{"time":"2025-11-25 20:55:43,669","level":"INFO","logger":"django.utils.autoreload","message":"Watching for file changes with StatReloader","request_id":"","user_id":"","ip":"","path":"","method":""}
{"time":"2025-11-25 20:55:50,750","level":"INFO","logger":"django.utils.autoreload","message":"D:\Py_ff\Project\FTC\apps\challenges\models.py changed, reloading.","request_id":"","user_id":"","ip":"","path":"","method":""}
{"time":"2025-11-25 20:55:52,260","level":"INFO","logger":"django.utils.autoreload","message":"Watching for file changes with StatReloader","request_id":"","user_id":"","ip":"","path":"","method":""}
{"time":"2025-11-25 20:56:03,090","level":"INFO","logger":"django.utils.autoreload","message":"D:\Py_ff\Project\FTC\apps\contests\models.py changed, reloading.","request_id":"","user_id":"","ip":"","path":"","method":""}
{"time":"2025-11-25 20:56:05,252","level":"INFO","logger":"django.utils.autoreload","message":"Watching for file changes with StatReloader","request_id":"","user_id":"","ip":"","path":"","method":""}
{"time":"2025-11-25 20:56:12,276","level":"INFO","logger":"django.utils.autoreload","message":"D:\Py_ff\Project\FTC\apps\challenges\models.py changed, reloading.","request_id":"","user_id":"","ip":"","path":"","method":""}
{"time":"2025-11-25 20:56:15,195","level":"INFO","logger":"django.utils.autoreload","message":"Watching for file changes with StatReloader","request_id":"","user_id":"","ip":"","path":"","method":""}
{"time":"2025-11-25 20:56:24,282","level":"INFO","logger":"django.utils.autoreload","message":"D:\Py_ff\Project\FTC\apps\contests\models.py changed, reloading.","request_id":"","user_id":"","ip":"","path":"","method":""}
{"time":"2025-11-25 20:56:26,942","level":"INFO","logger":"django.utils.autoreload","message":"Watching for file changes with StatReloader","request_id":"","user_id":"","ip":"","path":"","method":""}
{"time":"2025-11-25 20:56:37,610","level":"INFO","logger":"django.utils.autoreload","message":"D:\Py_ff\Project\FTC\apps\machines\models.py changed, reloading.","request_id":"","user_id":"","ip":"","path":"","method":""}
{"time":"2025-11-25 20:56:40,324","level":"INFO","logger":"django.utils.autoreload","message":"Watching for file changes with StatReloader","request_id":"","user_id":"","ip":"","path":"","method":""}
{"time":"2025-11-25 22:29:23,593","level":"INFO","logger":"django.utils.autoreload","message":"D:\Py_ff\Project\FTC\apps\contests\views.py changed, reloading.","request_id":"","user_id":"","ip":"","path":"","method":""}
{"time":"2025-11-25 22:29:25,200","level":"INFO","logger":"django.utils.autoreload","message":"Watching for file changes with StatReloader","request_id":"","user_id":"","ip":"","path":"","method":""}
{"time":"2025-11-25 22:29:35,370","level":"INFO","logger":"django.utils.autoreload","message":"D:\Py_ff\Project\FTC\apps\machines\views.py changed, reloading.","request_id":"","user_id":"","ip":"","path":"","method":""}
{"time":"2025-11-25 22:29:36,571","level":"INFO","logger":"django.utils.autoreload","message":"Watching for file changes with StatReloader","request_id":"","user_id":"","ip":"","path":"","method":""}
{"time":"2025-11-25 22:29:46,823","level":"INFO","logger":"django.utils.autoreload","message":"D:\Py_ff\Project\FTC\apps\challenges\repo.py changed, reloading.","request_id":"","user_id":"","ip":"","path":"","method":""}
{"time":"2025-11-25 22:29:48,157","level":"INFO","logger":"django.utils.autoreload","message":"Watching for file changes with StatReloader","request_id":"","user_id":"","ip":"","path":"","method":""}
{"time":"2025-11-25 22:31:16,085","level":"INFO","logger":"django.utils.autoreload","message":"D:\Py_ff\Project\FTC\apps\contests\services.py changed, reloading.","request_id":"","user_id":"","ip":"","path":"","method":""}
{"time":"2025-11-25 22:31:17,381","level":"INFO","logger":"django.utils.autoreload","message":"Watching for file changes with StatReloader","request_id":"","user_id":"","ip":"","path":"","method":""}
{"time":"2025-11-25 22:31:21,682","level":"INFO","logger":"django.utils.autoreload","message":"D:\Py_ff\Project\FTC\apps\contests\views.py changed, reloading.","request_id":"","user_id":"","ip":"","path":"","method":""}
{"time":"2025-11-25 22:31:22,810","level":"INFO","logger":"django.utils.autoreload","message":"Watching for file changes with StatReloader","request_id":"","user_id":"","ip":"","path":"","method":""}
{"time":"2025-11-25 22:42:37,268","level":"INFO","logger":"django.utils.autoreload","message":"D:\Py_ff\Project\FTC\apps\contests\services.py changed, reloading.","request_id":"","user_id":"","ip":"","path":"","method":""}
{"time":"2025-11-25 22:42:38,460","level":"INFO","logger":"django.utils.autoreload","message":"Watching for file changes with StatReloader","request_id":"","user_id":"","ip":"","path":"","method":""}
{"time":"2025-11-25 22:48:49,158","level":"INFO","logger":"django.utils.autoreload","message":"D:\Py_ff\Project\FTC\Config\settings.py changed, reloading.","request_id":"","user_id":"","ip":"","path":"","method":""}
{"time":"2025-11-25 22:48:50,364","level":"INFO","logger":"django.utils.autoreload","message":"Watching for file changes with StatReloader","request_id":"","user_id":"","ip":"","path":"","method":""}
{"time":"2025-11-25 22:49:40,001","level":"INFO","logger":"django.utils.autoreload","message":"D:\Py_ff\Project\FTC\Config\settings.py changed, reloading.","request_id":"","user_id":"","ip":"","path":"","method":""}
{"time":"2025-11-25 22:49:42,095","level":"INFO","logger":"django.utils.autoreload","message":"Watching for file changes with StatReloader","request_id":"","user_id":"","ip":"","path":"","method":""}
{"time":"2025-11-25 22:51:49,672","level":"INFO","logger":"django.utils.autoreload","message":"D:\Py_ff\Project\FTC\apps\contests\services.py changed, reloading.","request_id":"","user_id":"","ip":"","path":"","method":""}
{"time":"2025-11-25 22:51:50,815","level":"INFO","logger":"django.utils.autoreload","message":"Watching for file changes with StatReloader","request_id":"","user_id":"","ip":"","path":"","method":""}
